c:\users\11640\desktop\frogengine\frogengine\x64\release\vc142.pdb
c:\users\11640\desktop\frogengine\frogengine\x64\release\skybox.obj
c:\users\11640\desktop\frogengine\frogengine\x64\release\shader.obj
c:\users\11640\desktop\frogengine\frogengine\x64\release\screen.obj
c:\users\11640\desktop\frogengine\frogengine\x64\release\scene.obj
c:\users\11640\desktop\frogengine\frogengine\x64\release\releasepool.obj
c:\users\11640\desktop\frogengine\frogengine\x64\release\ref.obj
c:\users\11640\desktop\frogengine\frogengine\x64\release\random.obj
c:\users\11640\desktop\frogengine\frogengine\x64\release\pointlight.obj
c:\users\11640\desktop\frogengine\frogengine\x64\release\particleemitter.obj
c:\users\11640\desktop\frogengine\frogengine\x64\release\particle.obj
c:\users\11640\desktop\frogengine\frogengine\x64\release\model.obj
c:\users\11640\desktop\frogengine\frogengine\x64\release\mesh.obj
c:\users\11640\desktop\frogengine\frogengine\x64\release\matrix4.obj
c:\users\11640\desktop\frogengine\frogengine\x64\release\math.obj
c:\users\11640\desktop\frogengine\frogengine\x64\release\material.obj
c:\users\11640\desktop\frogengine\frogengine\x64\release\input.obj
c:\users\11640\desktop\frogengine\frogengine\x64\release\flashlight.obj
c:\users\11640\desktop\frogengine\frogengine\x64\release\directionallight.obj
c:\users\11640\desktop\frogengine\frogengine\x64\release\component.obj
c:\users\11640\desktop\frogengine\frogengine\x64\release\camera.obj
c:\users\11640\desktop\frogengine\frogengine\x64\release\opengl.obj
c:\users\11640\desktop\frogengine\frogengine\x64\release\vector3.obj
c:\users\11640\desktop\frogengine\frogengine\x64\release\vector2.obj
c:\users\11640\desktop\frogengine\frogengine\x64\release\node.obj
c:\users\11640\desktop\frogengine\frogengine\x64\release\time.obj
c:\users\11640\desktop\frogengine\frogengine\x64\release\texture.obj
c:\users\11640\desktop\frogengine\frogengine\x64\release\stb_image_write.obj
c:\users\11640\desktop\frogengine\frogengine\x64\release\stb_image.obj
c:\users\11640\desktop\frogengine\frogengine\x64\release\spherecollider.obj
c:\users\11640\desktop\frogengine\frogengine\x64\release\glad.obj
c:\users\11640\desktop\frogengine\frogengine\x64\release\patrolstate.obj
c:\users\11640\desktop\frogengine\x64\release\frogengine.exe
c:\users\11640\desktop\frogengine\x64\release\frogengine.pdb
c:\users\11640\desktop\frogengine\frogengine\x64\release\frogengine.res
c:\users\11640\desktop\frogengine\frogengine\x64\release\frogengine.tlog\cl.command.1.tlog
c:\users\11640\desktop\frogengine\frogengine\x64\release\frogengine.tlog\cl.read.1.tlog
c:\users\11640\desktop\frogengine\frogengine\x64\release\frogengine.tlog\cl.write.1.tlog
c:\users\11640\desktop\frogengine\frogengine\x64\release\frogengine.tlog\link-cvtres.read.1.tlog
c:\users\11640\desktop\frogengine\frogengine\x64\release\frogengine.tlog\link-cvtres.write.1.tlog
c:\users\11640\desktop\frogengine\frogengine\x64\release\frogengine.tlog\link-rc.read.1.tlog
c:\users\11640\desktop\frogengine\frogengine\x64\release\frogengine.tlog\link-rc.write.1.tlog
c:\users\11640\desktop\frogengine\frogengine\x64\release\frogengine.tlog\link.command.1.tlog
c:\users\11640\desktop\frogengine\frogengine\x64\release\frogengine.tlog\link.delete.1.tlog
c:\users\11640\desktop\frogengine\frogengine\x64\release\frogengine.tlog\link.read.1.tlog
c:\users\11640\desktop\frogengine\frogengine\x64\release\frogengine.tlog\link.write.1.tlog
c:\users\11640\desktop\frogengine\frogengine\x64\release\frogengine.tlog\rc.command.1.tlog
c:\users\11640\desktop\frogengine\frogengine\x64\release\frogengine.tlog\rc.read.1.tlog
c:\users\11640\desktop\frogengine\frogengine\x64\release\frogengine.tlog\rc.write.1.tlog
