c:\users\11640\desktop\frogengine\frogengine\x64\debug\vc142.pdb
c:\users\11640\desktop\frogengine\frogengine\x64\debug\vc142.idb
c:\users\11640\desktop\frogengine\frogengine\x64\debug\skybox.obj
c:\users\11640\desktop\frogengine\frogengine\x64\debug\shader.obj
c:\users\11640\desktop\frogengine\frogengine\x64\debug\screen.obj
c:\users\11640\desktop\frogengine\frogengine\x64\debug\scene.obj
c:\users\11640\desktop\frogengine\frogengine\x64\debug\releasepool.obj
c:\users\11640\desktop\frogengine\frogengine\x64\debug\ref.obj
c:\users\11640\desktop\frogengine\frogengine\x64\debug\random.obj
c:\users\11640\desktop\frogengine\frogengine\x64\debug\pointlight.obj
c:\users\11640\desktop\frogengine\frogengine\x64\debug\particleemitter.obj
c:\users\11640\desktop\frogengine\frogengine\x64\debug\particle.obj
c:\users\11640\desktop\frogengine\frogengine\x64\debug\model.obj
c:\users\11640\desktop\frogengine\frogengine\x64\debug\mesh.obj
c:\users\11640\desktop\frogengine\frogengine\x64\debug\matrix4.obj
c:\users\11640\desktop\frogengine\frogengine\x64\debug\math.obj
c:\users\11640\desktop\frogengine\frogengine\x64\debug\material.obj
c:\users\11640\desktop\frogengine\frogengine\x64\debug\input.obj
c:\users\11640\desktop\frogengine\frogengine\x64\debug\flashlight.obj
c:\users\11640\desktop\frogengine\frogengine\x64\debug\directionallight.obj
c:\users\11640\desktop\frogengine\frogengine\x64\debug\component.obj
c:\users\11640\desktop\frogengine\frogengine\x64\debug\camera.obj
c:\users\11640\desktop\frogengine\frogengine\x64\debug\opengl.obj
c:\users\11640\desktop\frogengine\frogengine\x64\debug\vector3.obj
c:\users\11640\desktop\frogengine\frogengine\x64\debug\vector2.obj
c:\users\11640\desktop\frogengine\frogengine\x64\debug\node.obj
c:\users\11640\desktop\frogengine\frogengine\x64\debug\time.obj
c:\users\11640\desktop\frogengine\frogengine\x64\debug\texture.obj
c:\users\11640\desktop\frogengine\frogengine\x64\debug\stb_image_write.obj
c:\users\11640\desktop\frogengine\frogengine\x64\debug\stb_image.obj
c:\users\11640\desktop\frogengine\frogengine\x64\debug\spherecollider.obj
c:\users\11640\desktop\frogengine\frogengine\x64\debug\skydome.obj
c:\users\11640\desktop\frogengine\frogengine\x64\debug\tankcontroller.obj
c:\users\11640\desktop\frogengine\frogengine\x64\debug\tank.obj
c:\users\11640\desktop\frogengine\frogengine\x64\debug\missile.obj
c:\users\11640\desktop\frogengine\frogengine\x64\debug\explosion.obj
c:\users\11640\desktop\frogengine\frogengine\x64\debug\patrolstate.obj
c:\users\11640\desktop\frogengine\frogengine\x64\debug\deathstate.obj
c:\users\11640\desktop\frogengine\frogengine\x64\debug\chasestate.obj
c:\users\11640\desktop\frogengine\frogengine\x64\debug\aitankcontroller.obj
c:\users\11640\desktop\frogengine\frogengine\x64\debug\cameracontroller.obj
c:\users\11640\desktop\frogengine\frogengine\x64\debug\spawner.obj
c:\users\11640\desktop\frogengine\frogengine\x64\debug\glad.obj
c:\users\11640\desktop\frogengine\x64\debug\frogengine.exe
c:\users\11640\desktop\frogengine\x64\debug\frogengine.ilk
c:\users\11640\desktop\frogengine\x64\debug\frogengine.pdb
c:\users\11640\desktop\frogengine\frogengine\x64\debug\frogengine.res
c:\users\11640\desktop\frogengine\frogengine\x64\debug\frogengine.tlog\cl.command.1.tlog
c:\users\11640\desktop\frogengine\frogengine\x64\debug\frogengine.tlog\cl.read.1.tlog
c:\users\11640\desktop\frogengine\frogengine\x64\debug\frogengine.tlog\cl.write.1.tlog
c:\users\11640\desktop\frogengine\frogengine\x64\debug\frogengine.tlog\link-cvtres.read.1.tlog
c:\users\11640\desktop\frogengine\frogengine\x64\debug\frogengine.tlog\link-cvtres.write.1.tlog
c:\users\11640\desktop\frogengine\frogengine\x64\debug\frogengine.tlog\link-rc.read.1.tlog
c:\users\11640\desktop\frogengine\frogengine\x64\debug\frogengine.tlog\link-rc.write.1.tlog
c:\users\11640\desktop\frogengine\frogengine\x64\debug\frogengine.tlog\link.13900-cvtres.read.1.tlog
c:\users\11640\desktop\frogengine\frogengine\x64\debug\frogengine.tlog\link.13900-cvtres.write.1.tlog
c:\users\11640\desktop\frogengine\frogengine\x64\debug\frogengine.tlog\link.13900-rc.read.1.tlog
c:\users\11640\desktop\frogengine\frogengine\x64\debug\frogengine.tlog\link.13900-rc.write.1.tlog
c:\users\11640\desktop\frogengine\frogengine\x64\debug\frogengine.tlog\link.13900.read.1.tlog
c:\users\11640\desktop\frogengine\frogengine\x64\debug\frogengine.tlog\link.13900.write.1.tlog
c:\users\11640\desktop\frogengine\frogengine\x64\debug\frogengine.tlog\link.command.1.tlog
c:\users\11640\desktop\frogengine\frogengine\x64\debug\frogengine.tlog\link.read.1.tlog
c:\users\11640\desktop\frogengine\frogengine\x64\debug\frogengine.tlog\link.write.1.tlog
c:\users\11640\desktop\frogengine\frogengine\x64\debug\frogengine.tlog\rc.command.1.tlog
c:\users\11640\desktop\frogengine\frogengine\x64\debug\frogengine.tlog\rc.read.1.tlog
c:\users\11640\desktop\frogengine\frogengine\x64\debug\frogengine.tlog\rc.write.1.tlog
