  OpenGL.cpp
C:\Users\11640\Desktop\FrogEngine\FrogEngine\Scripts\TankController.h(10,32): warning C4305: “初始化”: 从“double”到“float”截断
C:\Users\11640\Desktop\FrogEngine\FrogEngine\Scene\EndlessWar.h(57,1): warning C4305: “参数”: 从“double”到“float”截断
D:\Windows Kits\10\Include\10.0.18362.0\shared\minwindef.h(130,1): warning C4005: “APIENTRY”: 宏重定义
C:\Users\11640\Desktop\FrogEngine\FrogEngine\Include\glad\glad.h(10): message : 参见“APIENTRY”的前一个定义
C:\Users\11640\Desktop\FrogEngine\FrogEngine\OpenGL.cpp(63,23): warning C4244: “初始化”: 从“double”转换到“float”，可能丢失数据
C:\Users\11640\Desktop\FrogEngine\FrogEngine\OpenGL.cpp(68,18): warning C4244: “初始化”: 从“double”转换到“float”，可能丢失数据
C:\Users\11640\Desktop\FrogEngine\FrogEngine\OpenGL.cpp(71,10): warning C4244: “参数”: 从“float”转换到“DWORD”，可能丢失数据
C:\Users\11640\Desktop\FrogEngine\FrogEngine\OpenGL.cpp(74,34): warning C4244: “=”: 从“double”转换到“float”，可能丢失数据
C:\Users\11640\Desktop\FrogEngine\FrogEngine\OpenGL.cpp(98,41): warning C4244: “=”: 从“float”转换到“unsigned int”，可能丢失数据
  CameraController.cpp
C:\Users\11640\Desktop\FrogEngine\FrogEngine\Scripts\CameraController.cpp(31,29): warning C4244: “参数”: 从“double”转换到“float”，可能丢失数据
C:\Users\11640\Desktop\FrogEngine\FrogEngine\Scripts\CameraController.cpp(34,35): warning C4244: “参数”: 从“double”转换到“float”，可能丢失数据
C:\Users\11640\Desktop\FrogEngine\FrogEngine\Scripts\CameraController.cpp(55,63): warning C4305: “参数”: 从“double”到“float”截断
C:\Users\11640\Desktop\FrogEngine\FrogEngine\Scripts\CameraController.cpp(61,15): warning C4244: “初始化”: 从“double”转换到“float”，可能丢失数据
C:\Users\11640\Desktop\FrogEngine\FrogEngine\Scripts\CameraController.cpp(62,15): warning C4244: “初始化”: 从“double”转换到“float”，可能丢失数据
  AITankController.cpp
  ChaseState.cpp
  DeathState.cpp
  PatrolState.cpp
  Explosion.cpp
C:\Users\11640\Desktop\FrogEngine\FrogEngine\Scripts\Explosion.cpp(13,78): warning C4305: “参数”: 从“double”到“float”截断
C:\Users\11640\Desktop\FrogEngine\FrogEngine\Scripts\Explosion.cpp(14,56): warning C4244: “参数”: 从“double”转换到“float”，可能丢失数据
C:\Users\11640\Desktop\FrogEngine\FrogEngine\Scripts\Explosion.cpp(14,42): warning C4244: “参数”: 从“double”转换到“float”，可能丢失数据
C:\Users\11640\Desktop\FrogEngine\FrogEngine\Scripts\Explosion.cpp(16,46): warning C4305: “参数”: 从“double”到“float”截断
  Missile.cpp
C:\Users\11640\Desktop\FrogEngine\FrogEngine\Scripts\Missile.cpp(5,30): warning C4305: “初始化”: 从“double”到“float”截断
C:\Users\11640\Desktop\FrogEngine\FrogEngine\Scripts\Missile.cpp(13,48): warning C4305: “参数”: 从“double”到“float”截断
C:\Users\11640\Desktop\FrogEngine\FrogEngine\Scripts\Missile.cpp(26,59): warning C4305: “参数”: 从“double”到“float”截断
  SkyDome.cpp
C:\Users\11640\Desktop\FrogEngine\FrogEngine\Scripts\SkyDome.cpp(21,53): warning C4244: “参数”: 从“double”转换到“float”，可能丢失数据
  Spawner.cpp
  Tank.cpp
C:\Users\11640\Desktop\FrogEngine\FrogEngine\Scripts\Tank.cpp(18,60): warning C4305: “参数”: 从“double”到“float”截断
C:\Users\11640\Desktop\FrogEngine\FrogEngine\Scripts\Tank.cpp(23,45): warning C4305: “参数”: 从“double”到“float”截断
C:\Users\11640\Desktop\FrogEngine\FrogEngine\Scripts\Tank.cpp(42,75): warning C4305: “参数”: 从“double”到“float”截断
C:\Users\11640\Desktop\FrogEngine\FrogEngine\Scripts\Tank.cpp(43,45): warning C4305: “参数”: 从“double”到“float”截断
C:\Users\11640\Desktop\FrogEngine\FrogEngine\Scripts\Tank.cpp(45,45): warning C4305: “参数”: 从“double”到“float”截断
C:\Users\11640\Desktop\FrogEngine\FrogEngine\Scripts\Tank.cpp(57,86): warning C4305: “参数”: 从“double”到“float”截断
C:\Users\11640\Desktop\FrogEngine\FrogEngine\Scripts\Tank.cpp(58,44): warning C4305: “参数”: 从“double”到“float”截断
C:\Users\11640\Desktop\FrogEngine\FrogEngine\Scripts\Tank.cpp(60,46): warning C4305: “参数”: 从“double”到“float”截断
C:\Users\11640\Desktop\FrogEngine\FrogEngine\Scripts\Tank.cpp(73,87): warning C4305: “参数”: 从“double”到“float”截断
C:\Users\11640\Desktop\FrogEngine\FrogEngine\Scripts\Tank.cpp(74,45): warning C4305: “参数”: 从“double”到“float”截断
C:\Users\11640\Desktop\FrogEngine\FrogEngine\Scripts\Tank.cpp(76,47): warning C4305: “参数”: 从“double”到“float”截断
  TankController.cpp
C:\Users\11640\Desktop\FrogEngine\FrogEngine\Scripts\TankController.h(10,32): warning C4305: “初始化”: 从“double”到“float”截断
C:\Users\11640\Desktop\FrogEngine\FrogEngine\Scripts\TankController.cpp(30,15): warning C4244: “初始化”: 从“double”转换到“float”，可能丢失数据
C:\Users\11640\Desktop\FrogEngine\FrogEngine\Scripts\TankController.cpp(31,15): warning C4244: “初始化”: 从“double”转换到“float”，可能丢失数据
  Camera.cpp
C:\Users\11640\Desktop\FrogEngine\FrogEngine\Src\Camera.cpp(7,29): warning C4305: “=”: 从“double”到“float”截断
  Component.cpp
  DirectionalLight.cpp
  FlashLight.cpp
C:\Users\11640\Desktop\FrogEngine\FrogEngine\Src\FlashLight.cpp(13,22): warning C4305: “=”: 从“double”到“float”截断
C:\Users\11640\Desktop\FrogEngine\FrogEngine\Src\FlashLight.cpp(14,26): warning C4305: “=”: 从“double”到“float”截断
  Input.cpp
  Material.cpp
  Math.cpp
C:\Users\11640\Desktop\FrogEngine\FrogEngine\Src\Math.cpp(11,22): warning C4244: “return”: 从“double”转换到“float”，可能丢失数据
C:\Users\11640\Desktop\FrogEngine\FrogEngine\Src\Math.cpp(16,17): warning C4244: “初始化”: 从“float”转换到“int”，可能丢失数据
  Matrix4.cpp
  正在生成代码...
  正在编译...
  Mesh.cpp
C:\Users\11640\Desktop\FrogEngine\FrogEngine\Src\Mesh.cpp(148,49): warning C4267: “参数”: 从“size_t”转换到“GLsizei”，可能丢失数据
C:\Users\11640\Desktop\FrogEngine\FrogEngine\Src\Mesh.cpp(153,67): warning C4267: “参数”: 从“size_t”转换到“GLsizei”，可能丢失数据
  Model.cpp
C:\Users\11640\Desktop\FrogEngine\FrogEngine\Src\Model.cpp(33,60): warning C4267: “参数”: 从“size_t”转换到“int”，可能丢失数据
C:\Users\11640\Desktop\FrogEngine\FrogEngine\Src\Model.cpp(51,7): warning C4267: “参数”: 从“size_t”转换到“glm::tmat4x4<float,0>::length_type”，可能丢失数据
C:\Users\11640\Desktop\FrogEngine\FrogEngine\Src\Model.cpp(51,10): warning C4267: “参数”: 从“size_t”转换到“glm::tvec4<float,0>::length_type”，可能丢失数据
C:\Users\11640\Desktop\FrogEngine\FrogEngine\Src\Model.cpp(51,24): warning C4267: “参数”: 从“size_t”转换到“int”，可能丢失数据
C:\Users\11640\Desktop\FrogEngine\FrogEngine\Src\Model.cpp(51,27): warning C4267: “参数”: 从“size_t”转换到“int”，可能丢失数据
C:\Users\11640\Desktop\FrogEngine\FrogEngine\Src\Model.cpp(51,27): warning C4244: “=”: 从“T”转换到“T”，可能丢失数据
          with
          [
              T=fbxsdk::FbxDouble
          ]
          and
          [
              T=float
          ]
C:\Users\11640\Desktop\FrogEngine\FrogEngine\Src\Model.cpp(75,37): warning C4244: “参数”: 从“T”转换到“float”，可能丢失数据
          with
          [
              T=fbxsdk::FbxDouble
          ]
C:\Users\11640\Desktop\FrogEngine\FrogEngine\Src\Model.cpp(76,37): warning C4244: “参数”: 从“T”转换到“float”，可能丢失数据
          with
          [
              T=fbxsdk::FbxDouble
          ]
C:\Users\11640\Desktop\FrogEngine\FrogEngine\Src\Model.cpp(77,37): warning C4244: “参数”: 从“T”转换到“float”，可能丢失数据
          with
          [
              T=fbxsdk::FbxDouble
          ]
C:\Users\11640\Desktop\FrogEngine\FrogEngine\Src\Model.cpp(100,36): warning C4244: “参数”: 从“T”转换到“float”，可能丢失数据
          with
          [
              T=fbxsdk::FbxDouble
          ]
C:\Users\11640\Desktop\FrogEngine\FrogEngine\Src\Model.cpp(101,36): warning C4244: “参数”: 从“T”转换到“float”，可能丢失数据
          with
          [
              T=fbxsdk::FbxDouble
          ]
C:\Users\11640\Desktop\FrogEngine\FrogEngine\Src\Model.cpp(102,36): warning C4244: “参数”: 从“T”转换到“float”，可能丢失数据
          with
          [
              T=fbxsdk::FbxDouble
          ]
C:\Users\11640\Desktop\FrogEngine\FrogEngine\Src\Model.cpp(126,38): warning C4244: “参数”: 从“T”转换到“float”，可能丢失数据
          with
          [
              T=fbxsdk::FbxDouble
          ]
C:\Users\11640\Desktop\FrogEngine\FrogEngine\Src\Model.cpp(127,38): warning C4244: “参数”: 从“T”转换到“float”，可能丢失数据
          with
          [
              T=fbxsdk::FbxDouble
          ]
C:\Users\11640\Desktop\FrogEngine\FrogEngine\Src\Model.cpp(128,38): warning C4244: “参数”: 从“T”转换到“float”，可能丢失数据
          with
          [
              T=fbxsdk::FbxDouble
          ]
C:\Users\11640\Desktop\FrogEngine\FrogEngine\Src\Model.cpp(177,34): warning C4244: “参数”: 从“T”转换到“float”，可能丢失数据
          with
          [
              T=fbxsdk::FbxDouble
          ]
C:\Users\11640\Desktop\FrogEngine\FrogEngine\Src\Model.cpp(178,25): warning C4244: “参数”: 从“T”转换到“float”，可能丢失数据
          with
          [
              T=fbxsdk::FbxDouble
          ]
C:\Users\11640\Desktop\FrogEngine\FrogEngine\Src\Model.cpp(190,60): warning C4267: “参数”: 从“size_t”转换到“int”，可能丢失数据
C:\Users\11640\Desktop\FrogEngine\FrogEngine\Src\Model.cpp(194,55): warning C4267: “参数”: 从“size_t”转换到“int”，可能丢失数据
C:\Users\11640\Desktop\FrogEngine\FrogEngine\Src\Model.cpp(195,67): warning C4267: “参数”: 从“size_t”转换到“int”，可能丢失数据
C:\Users\11640\Desktop\FrogEngine\FrogEngine\Src\Model.cpp(196,71): warning C4267: “参数”: 从“size_t”转换到“int”，可能丢失数据
C:\Users\11640\Desktop\FrogEngine\FrogEngine\Src\Model.cpp(212,55): warning C4244: “=”: 从“T”转换到“float”，可能丢失数据
          with
          [
              T=fbxsdk::FbxDouble
          ]
  Node.cpp
C:\Users\11640\Desktop\FrogEngine\FrogEngine\Src\Node.cpp(263,23): warning C4267: “return”: 从“size_t”转换到“int”，可能丢失数据
C:\Users\11640\Desktop\FrogEngine\FrogEngine\Src\Node.cpp(390,65): warning C4267: “参数”: 从“size_t”转换到“int”，可能丢失数据
C:\Users\11640\Desktop\FrogEngine\FrogEngine\Src\Node.cpp(405,53): warning C4267: “参数”: 从“size_t”转换到“int”，可能丢失数据
C:\Users\11640\Desktop\FrogEngine\FrogEngine\Src\Node.cpp(417,53): warning C4267: “参数”: 从“size_t”转换到“int”，可能丢失数据
C:\Users\11640\Desktop\FrogEngine\FrogEngine\Src\Node.cpp(702,21): warning C4267: “return”: 从“size_t”转换到“int”，可能丢失数据
  Particle.cpp
  ParticleEmitter.cpp
C:\Users\11640\Desktop\FrogEngine\FrogEngine\Src\ParticleEmitter.cpp(59,29): warning C4244: “初始化”: 从“float”转换到“unsigned int”，可能丢失数据
C:\Users\11640\Desktop\FrogEngine\FrogEngine\Src\ParticleEmitter.cpp(62,32): warning C4244: “=”: 从“float”转换到“unsigned int”，可能丢失数据
  PointLight.cpp
C:\Users\11640\Desktop\FrogEngine\FrogEngine\Src\PointLight.cpp(10,22): warning C4305: “=”: 从“double”到“float”截断
C:\Users\11640\Desktop\FrogEngine\FrogEngine\Src\PointLight.cpp(11,26): warning C4305: “=”: 从“double”到“float”截断
  Random.cpp
  Ref.cpp
  ReleasePool.cpp
  Scene.cpp
  Screen.cpp
  Shader.cpp
  SkyBox.cpp
  SphereCollider.cpp
  stb_image.cpp
  stb_image_write.cpp
  Texture.cpp
  Time.cpp
C:\Users\11640\Desktop\FrogEngine\FrogEngine\Src\Time.cpp(11,28): warning C4244: “=”: 从“double”转换到“float”，可能丢失数据
C:\Users\11640\Desktop\FrogEngine\FrogEngine\Src\Time.cpp(13,13): warning C4244: “初始化”: 从“double”转换到“float”，可能丢失数据
  Vector2.cpp
  Vector3.cpp
C:\Users\11640\Desktop\FrogEngine\FrogEngine\Src\Vector3.cpp(32,16): warning C4244: “=”: 从“T”转换到“T”，可能丢失数据
          with
          [
              T=fbxsdk::FbxDouble
          ]
          and
          [
              T=float
          ]
C:\Users\11640\Desktop\FrogEngine\FrogEngine\Src\Vector3.cpp(33,16): warning C4244: “=”: 从“T”转换到“T”，可能丢失数据
          with
          [
              T=fbxsdk::FbxDouble
          ]
          and
          [
              T=float
          ]
C:\Users\11640\Desktop\FrogEngine\FrogEngine\Src\Vector3.cpp(34,16): warning C4244: “=”: 从“T”转换到“T”，可能丢失数据
          with
          [
              T=fbxsdk::FbxDouble
          ]
          and
          [
              T=float
          ]
  正在生成代码...
  glad.c
LINK : warning LNK4098: 默认库“MSVCRT”与其他库的使用冲突；请使用 /NODEFAULTLIB:library
  FrogEngine.vcxproj -> C:\Users\11640\Desktop\FrogEngine\x64\Debug\FrogEngine.exe
